Using pre-set license
Built from '2022.3/staging' branch; Version is '2022.3.28f1 (6bae5ce6b222) revision 7056988'; Using compiler version '192829333'; Build Type 'Release'
OS: 'Windows 11  (10.0.22631) 64bit Core' Language: 'ko' Physical Memory: 32348 MB
BatchMode: 1, IsHumanControllingUs: 0, StartBugReporterOnCrash: 0, Is64bit: 1, IsPro: 1

COMMAND LINE ARGUMENTS:
C:\Program Files\Unity\Hub\Editor\2022.3.28f1\Editor\Unity.exe
-adb2
-batchMode
-noUpm
-name
AssetImportWorker4
-projectPath
C:/Users/happy/Desktop/2D_Maker
-logFile
Logs/AssetImportWorker4.log
-srvPort
53442
Successfully changed project path to: C:/Users/happy/Desktop/2D_Maker
C:/Users/happy/Desktop/2D_Maker
[UnityMemory] Configuration Parameters - Can be set up in boot.config
    "memorysetup-bucket-allocator-granularity=16"
    "memorysetup-bucket-allocator-bucket-count=8"
    "memorysetup-bucket-allocator-block-size=33554432"
    "memorysetup-bucket-allocator-block-count=8"
    "memorysetup-main-allocator-block-size=16777216"
    "memorysetup-thread-allocator-block-size=16777216"
    "memorysetup-gfx-main-allocator-block-size=16777216"
    "memorysetup-gfx-thread-allocator-block-size=16777216"
    "memorysetup-cache-allocator-block-size=4194304"
    "memorysetup-typetree-allocator-block-size=2097152"
    "memorysetup-profiler-bucket-allocator-granularity=16"
    "memorysetup-profiler-bucket-allocator-bucket-count=8"
    "memorysetup-profiler-bucket-allocator-block-size=33554432"
    "memorysetup-profiler-bucket-allocator-block-count=8"
    "memorysetup-profiler-allocator-block-size=16777216"
    "memorysetup-profiler-editor-allocator-block-size=1048576"
    "memorysetup-temp-allocator-size-main=16777216"
    "memorysetup-job-temp-allocator-block-size=2097152"
    "memorysetup-job-temp-allocator-block-size-background=1048576"
    "memorysetup-job-temp-allocator-reduction-small-platforms=262144"
    "memorysetup-allocator-temp-initial-block-size-main=262144"
    "memorysetup-allocator-temp-initial-block-size-worker=262144"
    "memorysetup-temp-allocator-size-background-worker=32768"
    "memorysetup-temp-allocator-size-job-worker=262144"
    "memorysetup-temp-allocator-size-preload-manager=33554432"
    "memorysetup-temp-allocator-size-nav-mesh-worker=65536"
    "memorysetup-temp-allocator-size-audio-worker=65536"
    "memorysetup-temp-allocator-size-cloud-worker=32768"
    "memorysetup-temp-allocator-size-gi-baking-worker=262144"
    "memorysetup-temp-allocator-size-gfx=262144"
Player connection [39440] Host "[IP] 172.30.1.55 [Port] 0 [Flags] 2 [Guid] 1313300972 [EditorId] 1313300972 [Version] 1048832 [Id] WindowsEditor(7,BOOK-S80OIICMDM) [Debug] 1 [PackageName] WindowsEditor [ProjectName] Editor" joined multi-casting on [225.0.0.222:54997]...

Player connection [39440] Host "[IP] 172.30.1.55 [Port] 0 [Flags] 2 [Guid] 1313300972 [EditorId] 1313300972 [Version] 1048832 [Id] WindowsEditor(7,BOOK-S80OIICMDM) [Debug] 1 [PackageName] WindowsEditor [ProjectName] Editor" joined alternative multi-casting on [225.0.0.222:34997]...

[Physics::Module] Initialized MultithreadedJobDispatcher with 21 workers.
Refreshing native plugins compatible for Editor in 12.11 ms, found 4 plugins.
Preloading 0 native plugins for Editor in 0.00 ms.
Initialize engine version: 2022.3.28f1 (6bae5ce6b222)
[Subsystems] Discovering subsystems at path C:/Program Files/Unity/Hub/Editor/2022.3.28f1/Editor/Data/Resources/UnitySubsystems
[Subsystems] Discovering subsystems at path C:/Users/happy/Desktop/2D_Maker/Assets
GfxDevice: creating device client; threaded=0; jobified=0
Direct3D:
    Version:  Direct3D 11.0 [level 11.1]
    Renderer: Intel(R) Arc(TM) Graphics (ID=0x7d55)
    Vendor:   Intel
    VRAM:     16174 MB
    Driver:   31.0.101.5333
Initialize mono
Mono path[0] = 'C:/Program Files/Unity/Hub/Editor/2022.3.28f1/Editor/Data/Managed'
Mono path[1] = 'C:/Program Files/Unity/Hub/Editor/2022.3.28f1/Editor/Data/MonoBleedingEdge/lib/mono/unityjit-win32'
Mono config path = 'C:/Program Files/Unity/Hub/Editor/2022.3.28f1/Editor/Data/MonoBleedingEdge/etc'
Using monoOptions --debugger-agent=transport=dt_socket,embedding=1,server=y,suspend=n,address=127.0.0.1:56228
Begin MonoManager ReloadAssembly
Registering precompiled unity dll's ...
Register platform support module: C:/Program Files/Unity/Hub/Editor/2022.3.28f1/Editor/Data/PlaybackEngines/WebGLSupport/UnityEditor.WebGL.Extensions.dll
Register platform support module: C:/Program Files/Unity/Hub/Editor/2022.3.28f1/Editor/Data/PlaybackEngines/AndroidPlayer/UnityEditor.Android.Extensions.dll
Register platform support module: C:/Program Files/Unity/Hub/Editor/2022.3.28f1/Editor/Data/PlaybackEngines/WindowsStandaloneSupport/UnityEditor.WindowsStandalone.Extensions.dll
Register platform support module: C:/Program Files/Unity/Hub/Editor/2022.3.28f1/Editor/Data/PlaybackEngines/LinuxStandaloneSupport/UnityEditor.LinuxStandalone.Extensions.dll
Registered in 0.008686 seconds.
- Loaded All Assemblies, in  0.394 seconds
Native extension for LinuxStandalone target not found
Native extension for WindowsStandalone target not found
Native extension for Android target not found
Android Extension - Scanning For ADB Devices 326 ms
Native extension for WebGL target not found
Mono: successfully reloaded assembly
- Finished resetting the current domain, in  0.656 seconds
Domain Reload Profiling: 1049ms
	BeginReloadAssembly (111ms)
		ExecutionOrderSort (0ms)
		DisableScriptedObjects (0ms)
		BackupInstance (0ms)
		ReleaseScriptingObjects (0ms)
		CreateAndSetChildDomain (1ms)
	RebuildCommonClasses (38ms)
	RebuildNativeTypeToScriptingClass (10ms)
	initialDomainReloadingComplete (61ms)
	LoadAllAssembliesAndSetupDomain (174ms)
		LoadAssemblies (110ms)
		RebuildTransferFunctionScriptingTraits (0ms)
		AnalyzeDomain (171ms)
			TypeCache.Refresh (168ms)
				TypeCache.ScanAssembly (150ms)
			ScanForSourceGeneratedMonoScriptInfo (1ms)
			ResolveRequiredComponents (1ms)
	FinalizeReload (657ms)
		ReleaseScriptCaches (0ms)
		RebuildScriptCaches (0ms)
		SetupLoadedEditorAssemblies (584ms)
			LogAssemblyErrors (0ms)
			InitializePlatformSupportModulesInManaged (436ms)
			SetLoadedEditorAssemblies (5ms)
			RefreshPlugins (0ms)
			BeforeProcessingInitializeOnLoad (3ms)
			ProcessInitializeOnLoadAttributes (102ms)
			ProcessInitializeOnLoadMethodAttributes (38ms)
			AfterProcessingInitializeOnLoad (0ms)
			EditorAssembliesLoaded (0ms)
		ExecutionOrderSort2 (0ms)
		AwakeInstancesAfterBackupRestoration (0ms)
========================================================================
Worker process is ready to serve import requests
Begin MonoManager ReloadAssembly
- Loaded All Assemblies, in  1.405 seconds
Refreshing native plugins compatible for Editor in 4.20 ms, found 4 plugins.
Native extension for LinuxStandalone target not found
Native extension for WindowsStandalone target not found
Native extension for Android target not found
Native extension for WebGL target not found
Package Manager log level set to [2]
[Package Manager] Server::EnsureServerProcessIsRunning -- launch failed, reason: Unity was launched with the -noUpm command-line argument
[Package Manager] UpmClient::Send -- Unable to send message (not connected to UPM process).
[Package Manager] Cannot connect to Unity Package Manager local server
Mono: successfully reloaded assembly
- Finished resetting the current domain, in  0.940 seconds
Domain Reload Profiling: 2340ms
	BeginReloadAssembly (146ms)
		ExecutionOrderSort (0ms)
		DisableScriptedObjects (5ms)
		BackupInstance (0ms)
		ReleaseScriptingObjects (0ms)
		CreateAndSetChildDomain (20ms)
	RebuildCommonClasses (32ms)
	RebuildNativeTypeToScriptingClass (10ms)
	initialDomainReloadingComplete (46ms)
	LoadAllAssembliesAndSetupDomain (1165ms)
		LoadAssemblies (777ms)
		RebuildTransferFunctionScriptingTraits (0ms)
		AnalyzeDomain (475ms)
			TypeCache.Refresh (399ms)
				TypeCache.ScanAssembly (343ms)
			ScanForSourceGeneratedMonoScriptInfo (66ms)
			ResolveRequiredComponents (10ms)
	FinalizeReload (940ms)
		ReleaseScriptCaches (0ms)
		RebuildScriptCaches (0ms)
		SetupLoadedEditorAssemblies (706ms)
			LogAssemblyErrors (0ms)
			InitializePlatformSupportModulesInManaged (32ms)
			SetLoadedEditorAssemblies (5ms)
			RefreshPlugins (0ms)
			BeforeProcessingInitializeOnLoad (131ms)
			ProcessInitializeOnLoadAttributes (429ms)
			ProcessInitializeOnLoadMethodAttributes (102ms)
			AfterProcessingInitializeOnLoad (7ms)
			EditorAssembliesLoaded (0ms)
		ExecutionOrderSort2 (0ms)
		AwakeInstancesAfterBackupRestoration (15ms)
Launched and connected shader compiler UnityShaderCompiler.exe after 0.27 seconds
Refreshing native plugins compatible for Editor in 5.38 ms, found 4 plugins.
Preloading 0 native plugins for Editor in 0.00 ms.
Unloading 4052 Unused Serialized files (Serialized files now loaded: 0)
Unloading 71 unused Assets / (246.4 KB). Loaded Objects now: 4510.
Memory consumption went from 155.2 MB to 155.0 MB.
Total: 10.201100 ms (FindLiveObjects: 0.260700 ms CreateObjectMapping: 0.076800 ms MarkObjects: 9.529200 ms  DeleteObjects: 0.332900 ms)

AssetImportParameters requested are different than current active one (requested -> active):
  custom:container-demuxer-ogg: 62fdf1f143b41e24485cea50d1cbac27 -> 
  custom:video-codec-MediaFoundation-h265: 746d11721c4dcdbdad8f713fa42b33f4 -> 
  custom:video-decoder-ogg-theora: a1e56fd34408186e4bbccfd4996cb3dc -> 
  custom:scripting/monoscript/fileName/ReadmeBE3.cs: c18a690d08ada6c808cb8c6a93e6d1b0 -> 
  custom:framework-win-MediaFoundation: 216162199b28c13a410421893ffa2e32 -> 
  custom:scripting/monoscript/fileName/ReadmeEditorBE3.cs: cad43f0ca8a5d54a9769d79191868b6b -> 
  custom:CustomObjectIndexerAttribute: 9a22284fe3817be447336de3de66b15e -> 
  custom:container-demuxer-webm: 4f35f7cbe854078d1ac9338744f61a02 -> 
  custom:container-muxer-webm: aa71ff27fc2769a1b78a27578f13a17b -> 
  custom:video-decoder-webm-vp8: 9c59270c3fd7afecdb556c50c9e8de78 -> 
  custom:SearchIndexIgnoredProperties: e643bd26f0fe6173181afceb89e7c659 -> 
  custom:AudioImporter_EditorPlatform: d09bf68614088b80899f8185d706f6e7 -> 
  custom:video-encoder-webm-vp8: eb34c28f22e8b96e1ab97ce403110664 -> 
  custom:audio-decoder-ogg-vorbis: bf7c407c2cedff20999df2af8eb42d56 -> 
  custom:audio-encoder-webm-vorbis: bf7c407c2cedff20999df2af8eb42d56 -> 
========================================================================
Received Import Request.
  Time since last request: 12642.846152 seconds.
  path: Assets/Resources/Images/Menu/Menu - Map - 1F.png
  artifactKey: Guid(2b02daa6e6c7fdb4097282d122cf0b51) Importer(815301076,1909f56bfc062723c751e8b465ee728b)
Start importing Assets/Resources/Images/Menu/Menu - Map - 1F.png using Guid(2b02daa6e6c7fdb4097282d122cf0b51) Importer(815301076,1909f56bfc062723c751e8b465ee728b)  -> (artifact id: '47c05b1e50c3fd2e7a1a502a4a4fe1ae') in 0.140744 seconds
Number of updated asset objects reloaded before import = 0
Number of asset objects unloaded after import = 3
========================================================================
Received Import Request.
  Time since last request: 6.103046 seconds.
  path: Assets/Resources/Images/Sprite/Dialogue - Si.png
  artifactKey: Guid(3cd146ccb7acfdc40abf969444d9bb7c) Importer(815301076,1909f56bfc062723c751e8b465ee728b)
Start importing Assets/Resources/Images/Sprite/Dialogue - Si.png using Guid(3cd146ccb7acfdc40abf969444d9bb7c) Importer(815301076,1909f56bfc062723c751e8b465ee728b)  -> (artifact id: '4af7438c916192f9cca18c0890b490d2') in 0.052585 seconds
Number of updated asset objects reloaded before import = 0
Number of asset objects unloaded after import = 3
========================================================================
Received Import Request.
  Time since last request: 0.000023 seconds.
  path: Assets/Resources/Images/Sprite/Katholik - B - 2.png
  artifactKey: Guid(25c39e4da6a8a554f967be4287f107e9) Importer(815301076,1909f56bfc062723c751e8b465ee728b)
Start importing Assets/Resources/Images/Sprite/Katholik - B - 2.png using Guid(25c39e4da6a8a554f967be4287f107e9) Importer(815301076,1909f56bfc062723c751e8b465ee728b)  -> (artifact id: 'cd727fdf6ee8826530a0a0f1ca9d9e90') in 0.035241 seconds
Number of updated asset objects reloaded before import = 0
Number of asset objects unloaded after import = 3
========================================================================
Received Import Request.
  Time since last request: 5.264808 seconds.
  path: Assets/Resources/Images/UI/Status - battery 2.png
  artifactKey: Guid(c86dec33d8a10a149b871dc2aed371ec) Importer(815301076,1909f56bfc062723c751e8b465ee728b)
Start importing Assets/Resources/Images/UI/Status - battery 2.png using Guid(c86dec33d8a10a149b871dc2aed371ec) Importer(815301076,1909f56bfc062723c751e8b465ee728b)  -> (artifact id: 'ed417bac65dcff083dca6cb6e264e818') in 0.049135 seconds
Number of updated asset objects reloaded before import = 0
Number of asset objects unloaded after import = 3
========================================================================
Received Import Request.
  Time since last request: 0.000035 seconds.
  path: Assets/Resources/Images/UI/Status - camera film - 2.png
  artifactKey: Guid(db0fd52a740ac874eafa9bac44a26a73) Importer(815301076,1909f56bfc062723c751e8b465ee728b)
Start importing Assets/Resources/Images/UI/Status - camera film - 2.png using Guid(db0fd52a740ac874eafa9bac44a26a73) Importer(815301076,1909f56bfc062723c751e8b465ee728b)  -> (artifact id: 'ac3100feaee91d1939bfdc16a840504f') in 0.031350 seconds
Number of updated asset objects reloaded before import = 0
Number of asset objects unloaded after import = 3
========================================================================
Received Import Request.
  Time since last request: 0.184085 seconds.
  path: Assets/Resources/Images/title/T - title - flame 2.png
  artifactKey: Guid(bbdab4a6cc7f0b64fa484899a0b5a44d) Importer(815301076,1909f56bfc062723c751e8b465ee728b)
Start importing Assets/Resources/Images/title/T - title - flame 2.png using Guid(bbdab4a6cc7f0b64fa484899a0b5a44d) Importer(815301076,1909f56bfc062723c751e8b465ee728b)  -> (artifact id: 'de105bbf60c4aac579fddfe461ffaeec') in 0.050372 seconds
Number of updated asset objects reloaded before import = 0
Number of asset objects unloaded after import = 3
========================================================================
Received Import Request.
  Time since last request: 0.836658 seconds.
  path: Assets/Resources/Images/title/T - title - efx.png
  artifactKey: Guid(0068647a3264f214c8ad25cdce725769) Importer(815301076,1909f56bfc062723c751e8b465ee728b)
Start importing Assets/Resources/Images/title/T - title - efx.png using Guid(0068647a3264f214c8ad25cdce725769) Importer(815301076,1909f56bfc062723c751e8b465ee728b)  -> (artifact id: '70edb68b71752c863c4975c51146d3e9') in 0.039064 seconds
Number of updated asset objects reloaded before import = 0
Number of asset objects unloaded after import = 3
========================================================================
Received Import Request.
  Time since last request: 0.018224 seconds.
  path: Assets/Resources/Images/title/a.png
  artifactKey: Guid(1cc8ac00a7efab64996de9e1c64a52ef) Importer(815301076,1909f56bfc062723c751e8b465ee728b)
Start importing Assets/Resources/Images/title/a.png using Guid(1cc8ac00a7efab64996de9e1c64a52ef) Importer(815301076,1909f56bfc062723c751e8b465ee728b)  -> (artifact id: '7403c90bf1c595fced8929c3e9cc7402') in 0.030205 seconds
Number of updated asset objects reloaded before import = 0
Number of asset objects unloaded after import = 3
========================================================================
Received Import Request.
  Time since last request: 816.389803 seconds.
  path: Assets/Resources/Images/Sprite/Dialogue - basic.png
  artifactKey: Guid(c3644e3825957f4408b5a3f1a5919254) Importer(815301076,1909f56bfc062723c751e8b465ee728b)
Start importing Assets/Resources/Images/Sprite/Dialogue - basic.png using Guid(c3644e3825957f4408b5a3f1a5919254) Importer(815301076,1909f56bfc062723c751e8b465ee728b)  -> (artifact id: '870e816929c789d8c1a1b13dafeff84d') in 0.047371 seconds
Number of updated asset objects reloaded before import = 0
Number of asset objects unloaded after import = 3
========================================================================
Received Import Request.
  Time since last request: 0.000036 seconds.
  path: Assets/Resources/Images/Sprite/Dialogue - Ha.png
  artifactKey: Guid(795b41903f2f0bb48a31551dbb0e1a78) Importer(815301076,1909f56bfc062723c751e8b465ee728b)
Start importing Assets/Resources/Images/Sprite/Dialogue - Ha.png using Guid(795b41903f2f0bb48a31551dbb0e1a78) Importer(815301076,1909f56bfc062723c751e8b465ee728b)  -> (artifact id: 'bc48b9b21f795984668da8283db97d83') in 0.035902 seconds
Number of updated asset objects reloaded before import = 0
Number of asset objects unloaded after import = 3
========================================================================
Received Import Request.
  Time since last request: 2.769524 seconds.
  path: Assets/Resources/Images/UI/Status - battery 0.png
  artifactKey: Guid(e489f1526d71a2649a772b00ddb9a40b) Importer(815301076,1909f56bfc062723c751e8b465ee728b)
Start importing Assets/Resources/Images/UI/Status - battery 0.png using Guid(e489f1526d71a2649a772b00ddb9a40b) Importer(815301076,1909f56bfc062723c751e8b465ee728b)  -> (artifact id: '665de1f881a8ddd345e13e6b19ec5dd8') in 0.036003 seconds
Number of updated asset objects reloaded before import = 0
Number of asset objects unloaded after import = 3
========================================================================
Received Import Request.
  Time since last request: 0.516269 seconds.
  path: Assets/Resources/Images/UI/Status - camera film - 7.png
  artifactKey: Guid(82a5548cd37fe3c449fa909399751fae) Importer(815301076,1909f56bfc062723c751e8b465ee728b)
Start importing Assets/Resources/Images/UI/Status - camera film - 7.png using Guid(82a5548cd37fe3c449fa909399751fae) Importer(815301076,1909f56bfc062723c751e8b465ee728b)  -> (artifact id: 'cf6059c278bd4ea0d593121503a08755') in 0.043134 seconds
Number of updated asset objects reloaded before import = 0
Number of asset objects unloaded after import = 3
========================================================================
Received Import Request.
  Time since last request: 0.000041 seconds.
  path: Assets/Resources/Images/UI/Status - camera film - 9.png
  artifactKey: Guid(9b5892289aaa95a408d9a2aae8996599) Importer(815301076,1909f56bfc062723c751e8b465ee728b)
Start importing Assets/Resources/Images/UI/Status - camera film - 9.png using Guid(9b5892289aaa95a408d9a2aae8996599) Importer(815301076,1909f56bfc062723c751e8b465ee728b)  -> (artifact id: 'e8368c7b5ce61b5c20cf63b7e73fdb40') in 0.031539 seconds
Number of updated asset objects reloaded before import = 0
Number of asset objects unloaded after import = 3
========================================================================
Received Import Request.
  Time since last request: 1.123996 seconds.
  path: Assets/Resources/Tiled/Forest_A2.png
  artifactKey: Guid(854a354d41d70234ebc8367010a76a0f) Importer(815301076,1909f56bfc062723c751e8b465ee728b)
Start importing Assets/Resources/Tiled/Forest_A2.png using Guid(854a354d41d70234ebc8367010a76a0f) Importer(815301076,1909f56bfc062723c751e8b465ee728b)  -> (artifact id: 'a093e0d57f2e5af3ecd789aeafaad41b') in 0.037607 seconds
Number of updated asset objects reloaded before import = 0
Number of asset objects unloaded after import = 3
========================================================================
Received Import Request.
  Time since last request: 0.001605 seconds.
  path: Assets/Resources/Tiled/Inside_A2.png
  artifactKey: Guid(e022d01878a8e38438de914f64a9d223) Importer(815301076,1909f56bfc062723c751e8b465ee728b)
Start importing Assets/Resources/Tiled/Inside_A2.png using Guid(e022d01878a8e38438de914f64a9d223) Importer(815301076,1909f56bfc062723c751e8b465ee728b)  -> (artifact id: '7b803e61dafad1913ea6720f9cf31cf5') in 0.037586 seconds
Number of updated asset objects reloaded before import = 0
Number of asset objects unloaded after import = 3
========================================================================
Received Import Request.
  Time since last request: 0.000032 seconds.
  path: Assets/Resources/Tiled/Inside_A2 (tiled).png
  artifactKey: Guid(a3e6df2af4dd1344a8a57749d3620b56) Importer(815301076,1909f56bfc062723c751e8b465ee728b)
Start importing Assets/Resources/Tiled/Inside_A2 (tiled).png using Guid(a3e6df2af4dd1344a8a57749d3620b56) Importer(815301076,1909f56bfc062723c751e8b465ee728b)  -> (artifact id: '7c27e0ef8a8f57369919162de5eab010') in 0.033604 seconds
Number of updated asset objects reloaded before import = 0
Number of asset objects unloaded after import = 3
========================================================================
Received Import Request.
  Time since last request: 0.000035 seconds.
  path: Assets/Resources/Tiled/School_A5.png
  artifactKey: Guid(ab0ee0b05c37b134bbc8fc99bfeb75eb) Importer(815301076,1909f56bfc062723c751e8b465ee728b)
Start importing Assets/Resources/Tiled/School_A5.png using Guid(ab0ee0b05c37b134bbc8fc99bfeb75eb) Importer(815301076,1909f56bfc062723c751e8b465ee728b)  -> (artifact id: 'bf69812082b2cf0309e54eea6b021219') in 0.030413 seconds
Number of updated asset objects reloaded before import = 0
Number of asset objects unloaded after import = 3
========================================================================
Received Import Request.
  Time since last request: 0.000032 seconds.
  path: Assets/Resources/Tiled/School_C.png
  artifactKey: Guid(21dd920eeb9fcb8439752468cfb63159) Importer(815301076,1909f56bfc062723c751e8b465ee728b)
Start importing Assets/Resources/Tiled/School_C.png using Guid(21dd920eeb9fcb8439752468cfb63159) Importer(815301076,1909f56bfc062723c751e8b465ee728b)  -> (artifact id: '91232653c9f26af8e93d9f1c7c1e30d7') in 0.027720 seconds
Number of updated asset objects reloaded before import = 0
Number of asset objects unloaded after import = 3
========================================================================
Received Import Request.
  Time since last request: 0.000021 seconds.
  path: Assets/Resources/Tiled/School_B.png
  artifactKey: Guid(c6626d2a722d4d841905a7116caabe6d) Importer(815301076,1909f56bfc062723c751e8b465ee728b)
Start importing Assets/Resources/Tiled/School_B.png using Guid(c6626d2a722d4d841905a7116caabe6d) Importer(815301076,1909f56bfc062723c751e8b465ee728b)  -> (artifact id: '33fa9e45aa7349206d3bba246392642f') in 0.031804 seconds
Number of updated asset objects reloaded before import = 0
Number of asset objects unloaded after import = 3
========================================================================
Received Import Request.
  Time since last request: 23.744654 seconds.
  path: Assets/Resources/Images/UI/Status - coin - 0.png
  artifactKey: Guid(5359e5cf930844247acf53a3f64c94fb) Importer(815301076,1909f56bfc062723c751e8b465ee728b)
Start importing Assets/Resources/Images/UI/Status - coin - 0.png using Guid(5359e5cf930844247acf53a3f64c94fb) Importer(815301076,1909f56bfc062723c751e8b465ee728b)  -> (artifact id: '192cc0e38cbd79320d5f0685634b392a') in 0.062227 seconds
Number of updated asset objects reloaded before import = 0
Number of asset objects unloaded after import = 3
========================================================================
Received Import Request.
  Time since last request: 0.000510 seconds.
  path: Assets/Resources/Images/UI/Status - coin - 5.png
  artifactKey: Guid(02f1e96ea256e364daceae70455a286d) Importer(815301076,1909f56bfc062723c751e8b465ee728b)
Start importing Assets/Resources/Images/UI/Status - coin - 5.png using Guid(02f1e96ea256e364daceae70455a286d) Importer(815301076,1909f56bfc062723c751e8b465ee728b)  -> (artifact id: '452884625f039c1779852963b7141e66') in 0.034167 seconds
Number of updated asset objects reloaded before import = 0
Number of asset objects unloaded after import = 3
========================================================================
Received Import Request.
  Time since last request: 0.000039 seconds.
  path: Assets/Resources/Images/UI/Status - coin - 7.png
  artifactKey: Guid(0ddcb837a44d90b4785020bab578fe16) Importer(815301076,1909f56bfc062723c751e8b465ee728b)
Start importing Assets/Resources/Images/UI/Status - coin - 7.png using Guid(0ddcb837a44d90b4785020bab578fe16) Importer(815301076,1909f56bfc062723c751e8b465ee728b)  -> (artifact id: 'c60dda4bcc2c994efa0fd4d39a6a1c3f') in 0.029983 seconds
Number of updated asset objects reloaded before import = 0
Number of asset objects unloaded after import = 3
========================================================================
Received Import Request.
  Time since last request: 0.161669 seconds.
  path: Assets/Resources/Images/UI/Status - coin - 8.png
  artifactKey: Guid(cb394ccd173e97748a5788bce48bc8b4) Importer(815301076,1909f56bfc062723c751e8b465ee728b)
Start importing Assets/Resources/Images/UI/Status - coin - 8.png using Guid(cb394ccd173e97748a5788bce48bc8b4) Importer(815301076,1909f56bfc062723c751e8b465ee728b)  -> (artifact id: 'a4d476538499cfcd79b655effe8b1670') in 0.058669 seconds
Number of updated asset objects reloaded before import = 0
Number of asset objects unloaded after import = 3
========================================================================
Received Import Request.
  Time since last request: 0.000916 seconds.
  path: Assets/Resources/Images/UI/Status - heart 2.png
  artifactKey: Guid(0ab18a4953f99d44783c9e0639fc8945) Importer(815301076,1909f56bfc062723c751e8b465ee728b)
Start importing Assets/Resources/Images/UI/Status - heart 2.png using Guid(0ab18a4953f99d44783c9e0639fc8945) Importer(815301076,1909f56bfc062723c751e8b465ee728b)  -> (artifact id: 'd2f2ca141166dbd3f35db80dc53ef4a8') in 0.034150 seconds
Number of updated asset objects reloaded before import = 0
Number of asset objects unloaded after import = 3
========================================================================
Received Import Request.
  Time since last request: 0.204418 seconds.
  path: Assets/Resources/Images/UI/Status - heart 5.png
  artifactKey: Guid(6a32845099da9a04fb5610b1f780fdf6) Importer(815301076,1909f56bfc062723c751e8b465ee728b)
Start importing Assets/Resources/Images/UI/Status - heart 5.png using Guid(6a32845099da9a04fb5610b1f780fdf6) Importer(815301076,1909f56bfc062723c751e8b465ee728b)  -> (artifact id: '9b5cb0ef2eabdd427e28661cfaeef225') in 0.041076 seconds
Number of updated asset objects reloaded before import = 0
Number of asset objects unloaded after import = 3
========================================================================
Received Import Request.
  Time since last request: 5.104951 seconds.
  path: Assets/Resources/Images/UI/Light.png
  artifactKey: Guid(a5583c9b66c50d641b45821d29e23c33) Importer(815301076,1909f56bfc062723c751e8b465ee728b)
Start importing Assets/Resources/Images/UI/Light.png using Guid(a5583c9b66c50d641b45821d29e23c33) Importer(815301076,1909f56bfc062723c751e8b465ee728b)  -> (artifact id: 'a0f4803fe59d4cb532b3cab64271776e') in 0.049334 seconds
Number of updated asset objects reloaded before import = 0
Number of asset objects unloaded after import = 3
========================================================================
Received Import Request.
  Time since last request: 213.765433 seconds.
  path: Assets/Resources/Images/UI
  artifactKey: Guid(a6dcc546289cde942b1cd5533f8587bf) Importer(815301076,1909f56bfc062723c751e8b465ee728b)
Start importing Assets/Resources/Images/UI using Guid(a6dcc546289cde942b1cd5533f8587bf) Importer(815301076,1909f56bfc062723c751e8b465ee728b)  -> (artifact id: 'f134927412f3660080fae677aeb724f6') in 0.002769 seconds
Number of updated asset objects reloaded before import = 0
Number of asset objects unloaded after import = 0
========================================================================
Received Import Request.
  Time since last request: 6.728166 seconds.
  path: Assets/Resources/Images/Sprite
  artifactKey: Guid(c0518c42655497340b7e4f9d5a17b1e8) Importer(815301076,1909f56bfc062723c751e8b465ee728b)
Start importing Assets/Resources/Images/Sprite using Guid(c0518c42655497340b7e4f9d5a17b1e8) Importer(815301076,1909f56bfc062723c751e8b465ee728b)  -> (artifact id: '975e898b996b98e417d9607e2b7cb49c') in 0.000953 seconds
Number of updated asset objects reloaded before import = 0
Number of asset objects unloaded after import = 0
